<?xml version="1.0" encoding="UTF-8"?>
<!-- Generated by org.testng.reporters.JUnitXMLReporter -->
<testsuite ignored="1" hostname="LAPTOP-LHENKSOG" failures="1" tests="1" name="loginNewUser" time="14.326" errors="0" timestamp="2025-07-17T07:51:27 IST">
  <testcase classname="com.DemoWebShop.test.BaseClass" name="@AfterMethod postTestAction" time="0.006">
    <failure type="java.lang.NullPointerException" message="Cannot invoke &amp;quot;org.openqa.selenium.TakesScreenshot.getScreenshotAs(org.openqa.selenium.OutputType)&amp;quot; because &amp;quot;this.camera&amp;quot; is null">
      <![CDATA[java.lang.NullPointerException: Cannot invoke "org.openqa.selenium.TakesScreenshot.getScreenshotAs(org.openqa.selenium.OutputType)" because "this.camera" is null
at Utils.ScreenshotUtils.captureAndSaveScreenshot(ScreenshotUtils.java:29)
at com.DemoWebShop.test.BaseClass.postTestAction(BaseClass.java:97)
at java.base/java.util.ArrayList.forEach(ArrayList.java:1596)
... Removed 30 stack frames]]>
    </failure>
  </testcase> <!-- @AfterMethod postTestAction -->
  <testcase classname="com.DemoWebShop.test.BaseClass" name="@AfterClass tearDown" time="0.0">
    <skipped/>
  </testcase> <!-- @AfterClass tearDown -->
  <testcase classname="com.DemoWebShop.test.TestRegisterNewUser" name="loginNewUser" time="2.947">
    <failure type="java.lang.AssertionError" message="expected [johnSnow@killer.com] but found [johnwick@killer.com]">
      <![CDATA[java.lang.AssertionError: expected [johnSnow@killer.com] but found [johnwick@killer.com]
at com.DemoWebShop.test.TestRegisterNewUser.loginNewUser(TestRegisterNewUser.java:66)
at java.base/java.util.ArrayList.forEach(ArrayList.java:1596)
... Removed 31 stack frames]]>
    </failure>
  </testcase> <!-- loginNewUser -->
  <testcase classname="com.DemoWebShop.test.TestRegisterNewUser" name="registerNewUser" time="0.0">
    <ignored/>
  </testcase> <!-- registerNewUser -->
</testsuite> <!-- loginNewUser -->
